<?xml version="1.0" encoding="UTF-8"?>
<coverage generated="1566834246">
  <project timestamp="1566834246">
    <package name="App\Controller">
      <file name="/Applications/XAMPP/htdocs/private/symfony-skeleton/src/Controller/DefaultController.php">
        <class name="App\Controller\DefaultController" namespace="App\Controller" fullPackage="App" package="App">
          <metrics complexity="12" methods="7" coveredmethods="6" conditionals="0" coveredconditionals="0" statements="67" coveredstatements="56" elements="74" coveredelements="62"/>
        </class>
        <line num="43" type="method" name="index" visibility="public" complexity="1" crap="1" count="17"/>
        <line num="45" type="stmt" count="17"/>
        <line num="47" type="stmt" count="17"/>
        <line num="48" type="stmt" count="17"/>
        <line num="49" type="stmt" count="17"/>
        <line num="50" type="stmt" count="17"/>
        <line num="51" type="stmt" count="17"/>
        <line num="52" type="stmt" count="17"/>
        <line num="55" type="stmt" count="17"/>
        <line num="67" type="method" name="locale" visibility="public" complexity="2" crap="2" count="1"/>
        <line num="69" type="stmt" count="1"/>
        <line num="71" type="stmt" count="1"/>
        <line num="73" type="stmt" count="1"/>
        <line num="74" type="stmt" count="1"/>
        <line num="75" type="stmt" count="1"/>
        <line num="76" type="stmt" count="1"/>
        <line num="79" type="stmt" count="1"/>
        <line num="80" type="stmt" count="1"/>
        <line num="81" type="stmt" count="1"/>
        <line num="82" type="stmt" count="1"/>
        <line num="83" type="stmt" count="1"/>
        <line num="85" type="stmt" count="1"/>
        <line num="98" type="method" name="cache" visibility="public" complexity="1" crap="2.00" count="0"/>
        <line num="100" type="stmt" count="0"/>
        <line num="102" type="stmt" count="0"/>
        <line num="104" type="stmt" count="0"/>
        <line num="106" type="stmt" count="0"/>
        <line num="107" type="stmt" count="0"/>
        <line num="108" type="stmt" count="0"/>
        <line num="109" type="stmt" count="0"/>
        <line num="110" type="stmt" count="0"/>
        <line num="111" type="stmt" count="0"/>
        <line num="113" type="stmt" count="0"/>
        <line num="115" type="stmt" count="0"/>
        <line num="127" type="method" name="theme" visibility="public" complexity="3" crap="3" count="1"/>
        <line num="129" type="stmt" count="1"/>
        <line num="131" type="stmt" count="1"/>
        <line num="133" type="stmt" count="1"/>
        <line num="134" type="stmt" count="1"/>
        <line num="135" type="stmt" count="1"/>
        <line num="136" type="stmt" count="1"/>
        <line num="139" type="stmt" count="1"/>
        <line num="151" type="method" name="functionality" visibility="public" complexity="2" crap="2" count="9"/>
        <line num="153" type="stmt" count="9"/>
        <line num="155" type="stmt" count="9"/>
        <line num="157" type="stmt" count="9"/>
        <line num="158" type="stmt" count="9"/>
        <line num="159" type="stmt" count="9"/>
        <line num="161" type="stmt" count="9"/>
        <line num="162" type="stmt" count="1"/>
        <line num="163" type="stmt" count="1"/>
        <line num="167" type="stmt" count="8"/>
        <line num="179" type="method" name="setting" visibility="public" complexity="2" crap="2" count="7"/>
        <line num="181" type="stmt" count="7"/>
        <line num="183" type="stmt" count="7"/>
        <line num="185" type="stmt" count="7"/>
        <line num="186" type="stmt" count="7"/>
        <line num="187" type="stmt" count="7"/>
        <line num="189" type="stmt" count="7"/>
        <line num="190" type="stmt" count="1"/>
        <line num="191" type="stmt" count="1"/>
        <line num="195" type="stmt" count="6"/>
        <line num="208" type="method" name="audit" visibility="public" complexity="1" crap="1" count="11"/>
        <line num="210" type="stmt" count="11"/>
        <line num="211" type="stmt" count="11"/>
        <line num="212" type="stmt" count="11"/>
        <line num="213" type="stmt" count="11"/>
        <line num="214" type="stmt" count="11"/>
        <line num="215" type="stmt" count="11"/>
        <line num="216" type="stmt" count="11"/>
        <line num="217" type="stmt" count="11"/>
        <line num="219" type="stmt" count="11"/>
        <line num="220" type="stmt" count="11"/>
        <line num="223" type="stmt" count="11"/>
        <metrics loc="225" ncloc="159" classes="1" methods="7" coveredmethods="6" conditionals="0" coveredconditionals="0" statements="67" coveredstatements="56" elements="74" coveredelements="62"/>
      </file>
      <file name="/Applications/XAMPP/htdocs/private/symfony-skeleton/src/Controller/TestController.php">
        <class name="App\Controller\TestController" namespace="App\Controller">
          <metrics complexity="10" methods="5" coveredmethods="5" conditionals="0" coveredconditionals="0" statements="52" coveredstatements="52" elements="57" coveredelements="57"/>
        </class>
        <line num="39" type="method" name="index" visibility="public" complexity="1" crap="1" count="4"/>
        <line num="41" type="stmt" count="4"/>
        <line num="43" type="stmt" count="4"/>
        <line num="45" type="stmt" count="4"/>
        <line num="46" type="stmt" count="4"/>
        <line num="47" type="stmt" count="4"/>
        <line num="48" type="stmt" count="4"/>
        <line num="49" type="stmt" count="4"/>
        <line num="52" type="stmt" count="4"/>
        <line num="65" type="method" name="add" visibility="public" complexity="3" crap="3" count="2"/>
        <line num="67" type="stmt" count="2"/>
        <line num="69" type="stmt" count="2"/>
        <line num="71" type="stmt" count="2"/>
        <line num="72" type="stmt" count="2"/>
        <line num="74" type="stmt" count="2"/>
        <line num="75" type="stmt" count="1"/>
        <line num="76" type="stmt" count="1"/>
        <line num="78" type="stmt" count="1"/>
        <line num="81" type="stmt" count="2"/>
        <line num="83" type="stmt" count="2"/>
        <line num="84" type="stmt" count="2"/>
        <line num="85" type="stmt" count="2"/>
        <line num="86" type="stmt" count="2"/>
        <line num="87" type="stmt" count="2"/>
        <line num="90" type="stmt" count="2"/>
        <line num="103" type="method" name="show" visibility="public" complexity="1" crap="1" count="1"/>
        <line num="105" type="stmt" count="1"/>
        <line num="107" type="stmt" count="1"/>
        <line num="109" type="stmt" count="1"/>
        <line num="110" type="stmt" count="1"/>
        <line num="111" type="stmt" count="1"/>
        <line num="112" type="stmt" count="1"/>
        <line num="113" type="stmt" count="1"/>
        <line num="116" type="stmt" count="1"/>
        <line num="131" type="method" name="edit" visibility="public" complexity="3" crap="3" count="2"/>
        <line num="133" type="stmt" count="2"/>
        <line num="135" type="stmt" count="2"/>
        <line num="137" type="stmt" count="2"/>
        <line num="138" type="stmt" count="2"/>
        <line num="140" type="stmt" count="2"/>
        <line num="141" type="stmt" count="1"/>
        <line num="142" type="stmt" count="1"/>
        <line num="144" type="stmt" count="1"/>
        <line num="147" type="stmt" count="2"/>
        <line num="149" type="stmt" count="2"/>
        <line num="150" type="stmt" count="2"/>
        <line num="151" type="stmt" count="2"/>
        <line num="152" type="stmt" count="2"/>
        <line num="153" type="stmt" count="2"/>
        <line num="154" type="stmt" count="2"/>
        <line num="155" type="stmt" count="2"/>
        <line num="158" type="stmt" count="2"/>
        <line num="170" type="method" name="delete" visibility="public" complexity="2" crap="2" count="2"/>
        <line num="172" type="stmt" count="2"/>
        <line num="174" type="stmt" count="2"/>
        <line num="175" type="stmt" count="2"/>
        <line num="177" type="stmt" count="2"/>
        <metrics loc="179" ncloc="126" classes="1" methods="5" coveredmethods="5" conditionals="0" coveredconditionals="0" statements="52" coveredstatements="52" elements="57" coveredelements="57"/>
      </file>
      <file name="/Applications/XAMPP/htdocs/private/symfony-skeleton/src/Controller/UserController.php">
        <class name="App\Controller\UserController" namespace="App\Controller">
          <metrics complexity="10" methods="5" coveredmethods="5" conditionals="0" coveredconditionals="0" statements="59" coveredstatements="59" elements="64" coveredelements="64"/>
        </class>
        <line num="38" type="method" name="index" visibility="public" complexity="1" crap="1" count="2"/>
        <line num="40" type="stmt" count="2"/>
        <line num="42" type="stmt" count="2"/>
        <line num="44" type="stmt" count="2"/>
        <line num="45" type="stmt" count="2"/>
        <line num="46" type="stmt" count="2"/>
        <line num="47" type="stmt" count="2"/>
        <line num="48" type="stmt" count="2"/>
        <line num="51" type="stmt" count="2"/>
        <line num="65" type="method" name="add" visibility="public" complexity="3" crap="3" count="2"/>
        <line num="67" type="stmt" count="2"/>
        <line num="69" type="stmt" count="2"/>
        <line num="71" type="stmt" count="2"/>
        <line num="72" type="stmt" count="2"/>
        <line num="74" type="stmt" count="2"/>
        <line num="75" type="stmt" count="1"/>
        <line num="76" type="stmt" count="1"/>
        <line num="77" type="stmt" count="1"/>
        <line num="79" type="stmt" count="1"/>
        <line num="80" type="stmt" count="1"/>
        <line num="81" type="stmt" count="1"/>
        <line num="82" type="stmt" count="1"/>
        <line num="83" type="stmt" count="1"/>
        <line num="85" type="stmt" count="1"/>
        <line num="87" type="stmt" count="1"/>
        <line num="90" type="stmt" count="2"/>
        <line num="92" type="stmt" count="2"/>
        <line num="93" type="stmt" count="2"/>
        <line num="94" type="stmt" count="2"/>
        <line num="95" type="stmt" count="2"/>
        <line num="96" type="stmt" count="2"/>
        <line num="99" type="stmt" count="2"/>
        <line num="112" type="method" name="show" visibility="public" complexity="1" crap="1" count="1"/>
        <line num="114" type="stmt" count="1"/>
        <line num="116" type="stmt" count="1"/>
        <line num="118" type="stmt" count="1"/>
        <line num="119" type="stmt" count="1"/>
        <line num="120" type="stmt" count="1"/>
        <line num="121" type="stmt" count="1"/>
        <line num="122" type="stmt" count="1"/>
        <line num="125" type="stmt" count="1"/>
        <line num="140" type="method" name="edit" visibility="public" complexity="3" crap="3" count="2"/>
        <line num="142" type="stmt" count="2"/>
        <line num="144" type="stmt" count="2"/>
        <line num="146" type="stmt" count="2"/>
        <line num="147" type="stmt" count="2"/>
        <line num="149" type="stmt" count="2"/>
        <line num="150" type="stmt" count="1"/>
        <line num="151" type="stmt" count="1"/>
        <line num="153" type="stmt" count="1"/>
        <line num="156" type="stmt" count="2"/>
        <line num="158" type="stmt" count="2"/>
        <line num="159" type="stmt" count="2"/>
        <line num="160" type="stmt" count="2"/>
        <line num="161" type="stmt" count="2"/>
        <line num="162" type="stmt" count="2"/>
        <line num="163" type="stmt" count="2"/>
        <line num="164" type="stmt" count="2"/>
        <line num="167" type="stmt" count="2"/>
        <line num="179" type="method" name="delete" visibility="public" complexity="2" crap="2" count="1"/>
        <line num="181" type="stmt" count="1"/>
        <line num="183" type="stmt" count="1"/>
        <line num="184" type="stmt" count="1"/>
        <line num="186" type="stmt" count="1"/>
        <metrics loc="188" ncloc="134" classes="1" methods="5" coveredmethods="5" conditionals="0" coveredconditionals="0" statements="59" coveredstatements="59" elements="64" coveredelements="64"/>
      </file>
    </package>
    <package name="App\DataFixtures">
      <file name="/Applications/XAMPP/htdocs/private/symfony-skeleton/src/DataFixtures/FunctionalityFixtures.php">
        <class name="App\DataFixtures\FunctionalityFixtures" namespace="App\DataFixtures">
          <metrics complexity="2" methods="1" coveredmethods="0" conditionals="0" coveredconditionals="0" statements="15" coveredstatements="0" elements="16" coveredelements="0"/>
        </class>
        <line num="23" type="method" name="load" visibility="public" complexity="2" crap="6.00" count="0"/>
        <line num="26" type="stmt" count="0"/>
        <line num="27" type="stmt" count="0"/>
        <line num="28" type="stmt" count="0"/>
        <line num="29" type="stmt" count="0"/>
        <line num="30" type="stmt" count="0"/>
        <line num="31" type="stmt" count="0"/>
        <line num="32" type="stmt" count="0"/>
        <line num="33" type="stmt" count="0"/>
        <line num="36" type="stmt" count="0"/>
        <line num="37" type="stmt" count="0"/>
        <line num="38" type="stmt" count="0"/>
        <line num="40" type="stmt" count="0"/>
        <line num="41" type="stmt" count="0"/>
        <line num="44" type="stmt" count="0"/>
        <line num="45" type="stmt" count="0"/>
        <metrics loc="46" ncloc="38" classes="1" methods="1" coveredmethods="0" conditionals="0" coveredconditionals="0" statements="15" coveredstatements="0" elements="16" coveredelements="0"/>
      </file>
      <file name="/Applications/XAMPP/htdocs/private/symfony-skeleton/src/DataFixtures/GroupFixtures.php">
        <class name="App\DataFixtures\GroupFixtures" namespace="App\DataFixtures">
          <metrics complexity="2" methods="1" coveredmethods="0" conditionals="0" coveredconditionals="0" statements="11" coveredstatements="0" elements="12" coveredelements="0"/>
        </class>
        <line num="17" type="method" name="load" visibility="public" complexity="2" crap="6.00" count="0"/>
        <line num="20" type="stmt" count="0"/>
        <line num="21" type="stmt" count="0"/>
        <line num="22" type="stmt" count="0"/>
        <line num="25" type="stmt" count="0"/>
        <line num="26" type="stmt" count="0"/>
        <line num="27" type="stmt" count="0"/>
        <line num="28" type="stmt" count="0"/>
        <line num="31" type="stmt" count="0"/>
        <line num="32" type="stmt" count="0"/>
        <line num="35" type="stmt" count="0"/>
        <line num="36" type="stmt" count="0"/>
        <metrics loc="37" ncloc="31" classes="1" methods="1" coveredmethods="0" conditionals="0" coveredconditionals="0" statements="11" coveredstatements="0" elements="12" coveredelements="0"/>
      </file>
      <file name="/Applications/XAMPP/htdocs/private/symfony-skeleton/src/DataFixtures/SettingFixtures.php">
        <class name="App\DataFixtures\SettingFixtures" namespace="App\DataFixtures">
          <metrics complexity="2" methods="1" coveredmethods="0" conditionals="0" coveredconditionals="0" statements="14" coveredstatements="0" elements="15" coveredelements="0"/>
        </class>
        <line num="20" type="method" name="load" visibility="public" complexity="2" crap="6.00" count="0"/>
        <line num="23" type="stmt" count="0"/>
        <line num="24" type="stmt" count="0"/>
        <line num="25" type="stmt" count="0"/>
        <line num="26" type="stmt" count="0"/>
        <line num="27" type="stmt" count="0"/>
        <line num="28" type="stmt" count="0"/>
        <line num="31" type="stmt" count="0"/>
        <line num="32" type="stmt" count="0"/>
        <line num="33" type="stmt" count="0"/>
        <line num="34" type="stmt" count="0"/>
        <line num="36" type="stmt" count="0"/>
        <line num="37" type="stmt" count="0"/>
        <line num="40" type="stmt" count="0"/>
        <line num="41" type="stmt" count="0"/>
        <metrics loc="42" ncloc="36" classes="1" methods="1" coveredmethods="0" conditionals="0" coveredconditionals="0" statements="14" coveredstatements="0" elements="15" coveredelements="0"/>
      </file>
      <file name="/Applications/XAMPP/htdocs/private/symfony-skeleton/src/DataFixtures/TestFixtures.php">
        <class name="App\DataFixtures\TestFixtures" namespace="App\DataFixtures">
          <metrics complexity="2" methods="1" coveredmethods="0" conditionals="0" coveredconditionals="0" statements="10" coveredstatements="0" elements="11" coveredelements="0"/>
        </class>
        <line num="25" type="method" name="load" visibility="public" complexity="2" crap="6.00" count="0"/>
        <line num="27" type="stmt" count="0"/>
        <line num="29" type="stmt" count="0"/>
        <line num="30" type="stmt" count="0"/>
        <line num="31" type="stmt" count="0"/>
        <line num="32" type="stmt" count="0"/>
        <line num="33" type="stmt" count="0"/>
        <line num="35" type="stmt" count="0"/>
        <line num="36" type="stmt" count="0"/>
        <line num="39" type="stmt" count="0"/>
        <line num="40" type="stmt" count="0"/>
        <metrics loc="41" ncloc="33" classes="1" methods="1" coveredmethods="0" conditionals="0" coveredconditionals="0" statements="10" coveredstatements="0" elements="11" coveredelements="0"/>
      </file>
      <file name="/Applications/XAMPP/htdocs/private/symfony-skeleton/src/DataFixtures/UserFixtures.php">
        <class name="App\DataFixtures\UserFixtures" namespace="App\DataFixtures">
          <metrics complexity="3" methods="2" coveredmethods="0" conditionals="0" coveredconditionals="0" statements="50" coveredstatements="0" elements="52" coveredelements="0"/>
        </class>
        <line num="28" type="method" name="load" visibility="public" complexity="2" crap="6.00" count="0"/>
        <line num="30" type="stmt" count="0"/>
        <line num="32" type="stmt" count="0"/>
        <line num="33" type="stmt" count="0"/>
        <line num="34" type="stmt" count="0"/>
        <line num="35" type="stmt" count="0"/>
        <line num="36" type="stmt" count="0"/>
        <line num="37" type="stmt" count="0"/>
        <line num="38" type="stmt" count="0"/>
        <line num="39" type="stmt" count="0"/>
        <line num="40" type="stmt" count="0"/>
        <line num="42" type="stmt" count="0"/>
        <line num="43" type="stmt" count="0"/>
        <line num="45" type="stmt" count="0"/>
        <line num="46" type="stmt" count="0"/>
        <line num="47" type="stmt" count="0"/>
        <line num="48" type="stmt" count="0"/>
        <line num="49" type="stmt" count="0"/>
        <line num="50" type="stmt" count="0"/>
        <line num="51" type="stmt" count="0"/>
        <line num="52" type="stmt" count="0"/>
        <line num="53" type="stmt" count="0"/>
        <line num="55" type="stmt" count="0"/>
        <line num="56" type="stmt" count="0"/>
        <line num="58" type="stmt" count="0"/>
        <line num="59" type="stmt" count="0"/>
        <line num="60" type="stmt" count="0"/>
        <line num="61" type="stmt" count="0"/>
        <line num="62" type="stmt" count="0"/>
        <line num="63" type="stmt" count="0"/>
        <line num="64" type="stmt" count="0"/>
        <line num="65" type="stmt" count="0"/>
        <line num="66" type="stmt" count="0"/>
        <line num="67" type="stmt" count="0"/>
        <line num="69" type="stmt" count="0"/>
        <line num="70" type="stmt" count="0"/>
        <line num="72" type="stmt" count="0"/>
        <line num="73" type="stmt" count="0"/>
        <line num="74" type="stmt" count="0"/>
        <line num="75" type="stmt" count="0"/>
        <line num="76" type="stmt" count="0"/>
        <line num="77" type="stmt" count="0"/>
        <line num="78" type="stmt" count="0"/>
        <line num="79" type="stmt" count="0"/>
        <line num="80" type="stmt" count="0"/>
        <line num="81" type="stmt" count="0"/>
        <line num="83" type="stmt" count="0"/>
        <line num="84" type="stmt" count="0"/>
        <line num="87" type="stmt" count="0"/>
        <line num="88" type="stmt" count="0"/>
        <line num="93" type="method" name="getDependencies" visibility="public" complexity="1" crap="2.00" count="0"/>
        <line num="96" type="stmt" count="0"/>
        <metrics loc="99" ncloc="88" classes="1" methods="2" coveredmethods="0" conditionals="0" coveredconditionals="0" statements="50" coveredstatements="0" elements="52" coveredelements="0"/>
      </file>
    </package>
    <package name="App\Entity">
      <file name="/Applications/XAMPP/htdocs/private/symfony-skeleton/src/Entity/Functionality.php">
        <class name="App\Entity\Functionality" namespace="App\Entity">
          <metrics complexity="9" methods="6" coveredmethods="4" conditionals="0" coveredconditionals="0" statements="9" coveredstatements="5" elements="15" coveredelements="9"/>
        </class>
        <line num="51" type="method" name="__construct" visibility="public" complexity="1" crap="2.00" count="0"/>
        <line num="53" type="stmt" count="0"/>
        <line num="54" type="stmt" count="0"/>
        <line num="56" type="method" name="getId" visibility="public" complexity="2" crap="2" count="33"/>
        <line num="58" type="stmt" count="33"/>
        <line num="61" type="method" name="getName" visibility="public" complexity="2" crap="2" count="47"/>
        <line num="63" type="stmt" count="47"/>
        <line num="66" type="method" name="setName" visibility="public" complexity="1" crap="2.00" count="0"/>
        <line num="68" type="stmt" count="0"/>
        <line num="70" type="stmt" count="0"/>
        <line num="73" type="method" name="isActive" visibility="public" complexity="2" crap="2" count="47"/>
        <line num="75" type="stmt" count="47"/>
        <line num="78" type="method" name="setActive" visibility="public" complexity="1" crap="1" count="9"/>
        <line num="80" type="stmt" count="9"/>
        <line num="82" type="stmt" count="9"/>
        <metrics loc="84" ncloc="64" classes="1" methods="6" coveredmethods="4" conditionals="0" coveredconditionals="0" statements="9" coveredstatements="5" elements="15" coveredelements="9"/>
      </file>
      <file name="/Applications/XAMPP/htdocs/private/symfony-skeleton/src/Entity/Group.php">
        <class name="App\Entity\Group" namespace="App\Entity">
          <metrics complexity="0" methods="0" coveredmethods="0" conditionals="0" coveredconditionals="0" statements="0" coveredstatements="0" elements="0" coveredelements="0"/>
        </class>
        <metrics loc="24" ncloc="15" classes="0" methods="0" coveredmethods="0" conditionals="0" coveredconditionals="0" statements="0" coveredstatements="0" elements="0" coveredelements="0"/>
      </file>
      <file name="/Applications/XAMPP/htdocs/private/symfony-skeleton/src/Entity/Setting.php">
        <class name="App\Entity\Setting" namespace="App\Entity">
          <metrics complexity="5" methods="5" coveredmethods="4" conditionals="0" coveredconditionals="0" statements="7" coveredstatements="5" elements="12" coveredelements="9"/>
        </class>
        <line num="59" type="method" name="getId" visibility="public" complexity="1" crap="1" count="33"/>
        <line num="61" type="stmt" count="33"/>
        <line num="67" type="method" name="getName" visibility="public" complexity="1" crap="1" count="31"/>
        <line num="69" type="stmt" count="31"/>
        <line num="77" type="method" name="setName" visibility="public" complexity="1" crap="2.00" count="0"/>
        <line num="79" type="stmt" count="0"/>
        <line num="81" type="stmt" count="0"/>
        <line num="87" type="method" name="getValue" visibility="public" complexity="1" crap="1" count="37"/>
        <line num="89" type="stmt" count="37"/>
        <line num="97" type="method" name="setValue" visibility="public" complexity="1" crap="1" count="7"/>
        <line num="99" type="stmt" count="7"/>
        <line num="101" type="stmt" count="7"/>
        <metrics loc="103" ncloc="62" classes="1" methods="5" coveredmethods="4" conditionals="0" coveredconditionals="0" statements="7" coveredstatements="5" elements="12" coveredelements="9"/>
      </file>
      <file name="/Applications/XAMPP/htdocs/private/symfony-skeleton/src/Entity/Test.php">
        <class name="App\Entity\Test" namespace="App\Entity">
          <metrics complexity="8" methods="5" coveredmethods="5" conditionals="0" coveredconditionals="0" statements="7" coveredstatements="7" elements="12" coveredelements="12"/>
        </class>
        <line num="50" type="method" name="getId" visibility="public" complexity="2" crap="2" count="14"/>
        <line num="52" type="stmt" count="14"/>
        <line num="58" type="method" name="getName" visibility="public" complexity="2" crap="2" count="7"/>
        <line num="60" type="stmt" count="7"/>
        <line num="68" type="method" name="setName" visibility="public" complexity="1" crap="1" count="4"/>
        <line num="70" type="stmt" count="4"/>
        <line num="72" type="stmt" count="4"/>
        <line num="78" type="method" name="getContent" visibility="public" complexity="2" crap="2" count="7"/>
        <line num="80" type="stmt" count="7"/>
        <line num="88" type="method" name="setContent" visibility="public" complexity="1" crap="1" count="3"/>
        <line num="90" type="stmt" count="3"/>
        <line num="92" type="stmt" count="3"/>
        <metrics loc="94" ncloc="51" classes="1" methods="5" coveredmethods="5" conditionals="0" coveredconditionals="0" statements="7" coveredstatements="7" elements="12" coveredelements="12"/>
      </file>
      <file name="/Applications/XAMPP/htdocs/private/symfony-skeleton/src/Entity/User.php">
        <class name="App\Entity\User" namespace="App\Entity">
          <metrics complexity="38" methods="19" coveredmethods="14" conditionals="0" coveredconditionals="0" statements="48" coveredstatements="39" elements="67" coveredelements="53"/>
        </class>
        <line num="90" type="method" name="__construct" visibility="public" complexity="1" crap="1" count="4"/>
        <line num="92" type="stmt" count="4"/>
        <line num="94" type="stmt" count="4"/>
        <line num="95" type="stmt" count="4"/>
        <line num="100" type="method" name="getGender" visibility="public" complexity="2" crap="2" count="10"/>
        <line num="102" type="stmt" count="10"/>
        <line num="110" type="method" name="setGender" visibility="public" complexity="2" crap="2" count="2"/>
        <line num="112" type="stmt" count="2"/>
        <line num="114" type="stmt" count="2"/>
        <line num="120" type="method" name="getFirstname" visibility="public" complexity="2" crap="2" count="6"/>
        <line num="122" type="stmt" count="6"/>
        <line num="130" type="method" name="setFirstname" visibility="public" complexity="2" crap="2" count="4"/>
        <line num="132" type="stmt" count="4"/>
        <line num="134" type="stmt" count="4"/>
        <line num="140" type="method" name="getLastname" visibility="public" complexity="2" crap="2" count="6"/>
        <line num="142" type="stmt" count="6"/>
        <line num="150" type="method" name="setLastname" visibility="public" complexity="2" crap="2" count="3"/>
        <line num="152" type="stmt" count="3"/>
        <line num="154" type="stmt" count="3"/>
        <line num="160" type="method" name="getFullname" visibility="public" complexity="2" crap="2" count="33"/>
        <line num="162" type="stmt" count="33"/>
        <line num="168" type="method" name="getSettings" visibility="public" complexity="1" crap="2.00" count="0"/>
        <line num="170" type="stmt" count="0"/>
        <line num="178" type="method" name="addSetting" visibility="public" complexity="2" crap="2" count="3"/>
        <line num="180" type="stmt" count="3"/>
        <line num="181" type="stmt" count="3"/>
        <line num="182" type="stmt" count="3"/>
        <line num="185" type="stmt" count="3"/>
        <line num="193" type="method" name="removeSetting" visibility="public" complexity="3" crap="12.00" count="0"/>
        <line num="195" type="stmt" count="0"/>
        <line num="196" type="stmt" count="0"/>
        <line num="197" type="stmt" count="0"/>
        <line num="198" type="stmt" count="0"/>
        <line num="202" type="stmt" count="0"/>
        <line num="210" type="method" name="getSetting" visibility="public" complexity="4" crap="4" count="43"/>
        <line num="212" type="stmt" count="43"/>
        <line num="213" type="stmt" count="43"/>
        <line num="214" type="stmt" count="43"/>
        <line num="218" type="stmt" count="3"/>
        <line num="227" type="method" name="setSetting" visibility="public" complexity="2" crap="2" count="5"/>
        <line num="229" type="stmt" count="5"/>
        <line num="231" type="stmt" count="5"/>
        <line num="232" type="stmt" count="3"/>
        <line num="233" type="stmt" count="3"/>
        <line num="235" type="stmt" count="3"/>
        <line num="238" type="stmt" count="5"/>
        <line num="240" type="stmt" count="5"/>
        <line num="248" type="method" name="hasSetting" visibility="public" complexity="2" crap="2" count="42"/>
        <line num="250" type="stmt" count="42"/>
        <line num="259" type="method" name="__call" visibility="public" complexity="3" crap="3.03" count="43"/>
        <line num="261" type="stmt" count="43"/>
        <line num="263" type="stmt" count="43"/>
        <line num="264" type="stmt" count="42"/>
        <line num="265" type="stmt" count="5"/>
        <line num="266" type="stmt" count="5"/>
        <line num="268" type="stmt" count="5"/>
        <line num="270" type="stmt" count="0"/>
        <line num="272" type="method" name="camelToSnake" visibility="private" complexity="1" crap="1" count="43"/>
        <line num="274" type="stmt" count="43"/>
        <line num="281" type="method" name="__get" visibility="public" complexity="2" crap="2.15" count="42"/>
        <line num="283" type="stmt" count="42"/>
        <line num="284" type="stmt" count="42"/>
        <line num="287" type="stmt" count="0"/>
        <line num="295" type="method" name="__set" visibility="public" complexity="1" crap="1" count="5"/>
        <line num="297" type="stmt" count="5"/>
        <line num="303" type="method" name="isAdmin" visibility="public" complexity="2" crap="6.00" count="0"/>
        <line num="305" type="stmt" count="0"/>
        <metrics loc="307" ncloc="183" classes="1" methods="19" coveredmethods="14" conditionals="0" coveredconditionals="0" statements="48" coveredstatements="39" elements="67" coveredelements="53"/>
      </file>
      <file name="/Applications/XAMPP/htdocs/private/symfony-skeleton/src/Entity/UserSetting.php">
        <class name="App\Entity\UserSetting" namespace="App\Entity">
          <metrics complexity="8" methods="6" coveredmethods="5" conditionals="0" coveredconditionals="0" statements="9" coveredstatements="8" elements="15" coveredelements="13"/>
        </class>
        <line num="52" type="method" name="getName" visibility="public" complexity="1" crap="1" count="43"/>
        <line num="54" type="stmt" count="43"/>
        <line num="62" type="method" name="setName" visibility="public" complexity="1" crap="1" count="3"/>
        <line num="64" type="stmt" count="3"/>
        <line num="66" type="stmt" count="3"/>
        <line num="72" type="method" name="getValue" visibility="public" complexity="1" crap="1" count="42"/>
        <line num="74" type="stmt" count="42"/>
        <line num="82" type="method" name="setValue" visibility="public" complexity="1" crap="1" count="5"/>
        <line num="84" type="stmt" count="5"/>
        <line num="86" type="stmt" count="5"/>
        <line num="92" type="method" name="getUser" visibility="public" complexity="2" crap="6.00" count="0"/>
        <line num="94" type="stmt" count="0"/>
        <line num="102" type="method" name="setUser" visibility="public" complexity="2" crap="2" count="3"/>
        <line num="104" type="stmt" count="3"/>
        <line num="106" type="stmt" count="3"/>
        <metrics loc="108" ncloc="57" classes="1" methods="6" coveredmethods="5" conditionals="0" coveredconditionals="0" statements="9" coveredstatements="8" elements="15" coveredelements="13"/>
      </file>
    </package>
    <package name="App\Entity\Traits">
      <file name="/Applications/XAMPP/htdocs/private/symfony-skeleton/src/Entity/Traits/BlameableEntity.php">
        <class name="BlameableEntity" namespace="App\Entity\Traits">
          <metrics complexity="4" methods="4" coveredmethods="0" conditionals="0" coveredconditionals="0" statements="6" coveredstatements="0" elements="10" coveredelements="0"/>
        </class>
        <line num="39" type="method" name="setCreatedBy" visibility="public" complexity="1" crap="2.00" count="0"/>
        <line num="41" type="stmt" count="0"/>
        <line num="43" type="stmt" count="0"/>
        <line num="51" type="method" name="getCreatedBy" visibility="public" complexity="1" crap="2.00" count="0"/>
        <line num="53" type="stmt" count="0"/>
        <line num="63" type="method" name="setUpdatedBy" visibility="public" complexity="1" crap="2.00" count="0"/>
        <line num="65" type="stmt" count="0"/>
        <line num="67" type="stmt" count="0"/>
        <line num="75" type="method" name="getUpdatedBy" visibility="public" complexity="1" crap="2.00" count="0"/>
        <line num="77" type="stmt" count="0"/>
        <metrics loc="79" ncloc="38" classes="1" methods="4" coveredmethods="0" conditionals="0" coveredconditionals="0" statements="6" coveredstatements="0" elements="10" coveredelements="0"/>
      </file>
    </package>
    <package name="App\EntityListener">
      <file name="/Applications/XAMPP/htdocs/private/symfony-skeleton/src/EntityListener/AbstractEntityListener.php">
        <class name="App\EntityListener\AbstractEntityListener" namespace="App\EntityListener" fullPackage="App" package="App">
          <metrics complexity="0" methods="0" coveredmethods="0" conditionals="0" coveredconditionals="0" statements="0" coveredstatements="0" elements="0" coveredelements="0"/>
        </class>
        <metrics loc="21" ncloc="11" classes="0" methods="0" coveredmethods="0" conditionals="0" coveredconditionals="0" statements="0" coveredstatements="0" elements="0" coveredelements="0"/>
      </file>
      <file name="/Applications/XAMPP/htdocs/private/symfony-skeleton/src/EntityListener/TestEntityListener.php">
        <class name="App\EntityListener\TestEntityListener" namespace="App\EntityListener">
          <metrics complexity="4" methods="3" coveredmethods="2" conditionals="0" coveredconditionals="0" statements="7" coveredstatements="6" elements="10" coveredelements="8"/>
        </class>
        <line num="18" type="method" name="postPersist" visibility="public" complexity="1" crap="1" count="1"/>
        <line num="20" type="stmt" count="1"/>
        <line num="21" type="stmt" count="1"/>
        <line num="26" type="method" name="postUpdate" visibility="public" complexity="1" crap="1" count="1"/>
        <line num="28" type="stmt" count="1"/>
        <line num="29" type="stmt" count="1"/>
        <line num="36" type="method" name="preRemove" visibility="public" complexity="2" crap="2.15" count="2"/>
        <line num="41" type="stmt" count="2"/>
        <line num="42" type="stmt" count="0"/>
        <line num="44" type="stmt" count="2"/>
        <metrics loc="45" ncloc="25" classes="1" methods="3" coveredmethods="2" conditionals="0" coveredconditionals="0" statements="7" coveredstatements="6" elements="10" coveredelements="8"/>
      </file>
      <file name="/Applications/XAMPP/htdocs/private/symfony-skeleton/src/EntityListener/UserEntityListener.php">
        <class name="App\EntityListener\UserEntityListener" namespace="App\EntityListener">
          <metrics complexity="3" methods="2" coveredmethods="1" conditionals="0" coveredconditionals="0" statements="5" coveredstatements="4" elements="7" coveredelements="5"/>
        </class>
        <line num="18" type="method" name="postPersist" visibility="public" complexity="1" crap="1" count="2"/>
        <line num="20" type="stmt" count="2"/>
        <line num="21" type="stmt" count="2"/>
        <line num="28" type="method" name="preRemove" visibility="public" complexity="2" crap="2.15" count="1"/>
        <line num="33" type="stmt" count="1"/>
        <line num="34" type="stmt" count="0"/>
        <line num="36" type="stmt" count="1"/>
        <metrics loc="37" ncloc="20" classes="1" methods="2" coveredmethods="1" conditionals="0" coveredconditionals="0" statements="5" coveredstatements="4" elements="7" coveredelements="5"/>
      </file>
    </package>
    <package name="App\Event">
      <file name="/Applications/XAMPP/htdocs/private/symfony-skeleton/src/Event/AbstractEvent.php">
        <class name="App\Event\AbstractEvent" namespace="App\Event">
          <metrics complexity="9" methods="7" coveredmethods="2" conditionals="0" coveredconditionals="0" statements="14" coveredstatements="6" elements="21" coveredelements="8"/>
        </class>
        <line num="21" type="method" name="__construct" visibility="public" complexity="1" crap="1" count="7"/>
        <line num="23" type="stmt" count="7"/>
        <line num="24" type="stmt" count="7"/>
        <line num="31" type="method" name="hasData" visibility="public" complexity="1" crap="2.00" count="0"/>
        <line num="33" type="stmt" count="0"/>
        <line num="41" type="method" name="find" visibility="public" complexity="2" crap="2.15" count="1"/>
        <line num="43" type="stmt" count="1"/>
        <line num="44" type="stmt" count="1"/>
        <line num="47" type="stmt" count="0"/>
        <line num="53" type="method" name="getData" visibility="public" complexity="1" crap="2.00" count="0"/>
        <line num="55" type="stmt" count="0"/>
        <line num="63" type="method" name="setData" visibility="public" complexity="1" crap="2.00" count="0"/>
        <line num="65" type="stmt" count="0"/>
        <line num="67" type="stmt" count="0"/>
        <line num="76" type="method" name="addData" visibility="public" complexity="1" crap="1" count="1"/>
        <line num="78" type="stmt" count="1"/>
        <line num="80" type="stmt" count="1"/>
        <line num="89" type="method" name="removeData" visibility="public" complexity="2" crap="6.00" count="0"/>
        <line num="91" type="stmt" count="0"/>
        <line num="92" type="stmt" count="0"/>
        <line num="95" type="stmt" count="0"/>
        <metrics loc="97" ncloc="58" classes="1" methods="7" coveredmethods="2" conditionals="0" coveredconditionals="0" statements="14" coveredstatements="6" elements="21" coveredelements="8"/>
      </file>
      <file name="/Applications/XAMPP/htdocs/private/symfony-skeleton/src/Event/TestEvent.php">
        <class name="App\Event\TestEvent" namespace="App\Event">
          <metrics complexity="3" methods="3" coveredmethods="1" conditionals="0" coveredconditionals="0" statements="6" coveredstatements="3" elements="9" coveredelements="4"/>
        </class>
        <line num="25" type="method" name="__construct" visibility="public" complexity="1" crap="1" count="4"/>
        <line num="27" type="stmt" count="4"/>
        <line num="28" type="stmt" count="4"/>
        <line num="29" type="stmt" count="4"/>
        <line num="34" type="method" name="getTest" visibility="public" complexity="1" crap="2.00" count="0"/>
        <line num="36" type="stmt" count="0"/>
        <line num="44" type="method" name="setTest" visibility="public" complexity="1" crap="2.00" count="0"/>
        <line num="46" type="stmt" count="0"/>
        <line num="48" type="stmt" count="0"/>
        <metrics loc="50" ncloc="31" classes="1" methods="3" coveredmethods="1" conditionals="0" coveredconditionals="0" statements="6" coveredstatements="3" elements="9" coveredelements="4"/>
      </file>
      <file name="/Applications/XAMPP/htdocs/private/symfony-skeleton/src/Event/UserEvent.php">
        <class name="App\Event\UserEvent" namespace="App\Event">
          <metrics complexity="3" methods="3" coveredmethods="2" conditionals="0" coveredconditionals="0" statements="6" coveredstatements="4" elements="9" coveredelements="6"/>
        </class>
        <line num="25" type="method" name="__construct" visibility="public" complexity="1" crap="1" count="3"/>
        <line num="27" type="stmt" count="3"/>
        <line num="28" type="stmt" count="3"/>
        <line num="29" type="stmt" count="3"/>
        <line num="34" type="method" name="getUser" visibility="public" complexity="1" crap="1" count="1"/>
        <line num="36" type="stmt" count="1"/>
        <line num="44" type="method" name="setUser" visibility="public" complexity="1" crap="2.00" count="0"/>
        <line num="46" type="stmt" count="0"/>
        <line num="48" type="stmt" count="0"/>
        <metrics loc="50" ncloc="31" classes="1" methods="3" coveredmethods="2" conditionals="0" coveredconditionals="0" statements="6" coveredstatements="4" elements="9" coveredelements="6"/>
      </file>
    </package>
    <package name="App\EventListener">
      <file name="/Applications/XAMPP/htdocs/private/symfony-skeleton/src/EventListener/LocaleListener.php">
        <class name="App\EventListener\LocaleListener" namespace="App\EventListener" fullPackage="App" package="App">
          <metrics complexity="14" methods="2" coveredmethods="1" conditionals="0" coveredconditionals="0" statements="34" coveredstatements="30" elements="36" coveredelements="31"/>
        </class>
        <line num="56" type="method" name="__construct" visibility="public" complexity="1" crap="1" count="78"/>
        <line num="58" type="stmt" count="78"/>
        <line num="59" type="stmt" count="78"/>
        <line num="60" type="stmt" count="78"/>
        <line num="61" type="stmt" count="78"/>
        <line num="62" type="stmt" count="78"/>
        <line num="69" type="method" name="onKernelRequest" visibility="public" complexity="13" crap="13.44" count="63"/>
        <line num="71" type="stmt" count="63"/>
        <line num="72" type="stmt" count="63"/>
        <line num="73" type="stmt" count="33"/>
        <line num="76" type="stmt" count="47"/>
        <line num="78" type="stmt" count="47"/>
        <line num="80" type="stmt" count="47"/>
        <line num="81" type="stmt" count="47"/>
        <line num="84" type="stmt" count="47"/>
        <line num="86" type="stmt" count="47"/>
        <line num="87" type="stmt" count="47"/>
        <line num="88" type="stmt" count="42"/>
        <line num="90" type="stmt" count="42"/>
        <line num="91" type="stmt" count="42"/>
        <line num="95" type="stmt" count="47"/>
        <line num="96" type="stmt" count="42"/>
        <line num="97" type="stmt" count="0"/>
        <line num="98" type="stmt" count="0"/>
        <line num="102" type="stmt" count="47"/>
        <line num="103" type="stmt" count="0"/>
        <line num="106" type="stmt" count="47"/>
        <line num="107" type="stmt" count="47"/>
        <line num="108" type="stmt" count="39"/>
        <line num="109" type="stmt" count="39"/>
        <line num="110" type="stmt" count="39"/>
        <line num="113" type="stmt" count="47"/>
        <line num="114" type="stmt" count="47"/>
        <line num="115" type="stmt" count="47"/>
        <line num="116" type="stmt" count="0"/>
        <line num="118" type="stmt" count="47"/>
        <metrics loc="118" ncloc="83" classes="1" methods="2" coveredmethods="1" conditionals="0" coveredconditionals="0" statements="34" coveredstatements="30" elements="36" coveredelements="31"/>
      </file>
    </package>
    <package name="App\EventSubscriber">
      <file name="/Applications/XAMPP/htdocs/private/symfony-skeleton/src/EventSubscriber/MailSubscriber.php">
        <class name="App\EventSubscriber\MailSubscriber" namespace="App\EventSubscriber">
          <metrics complexity="2" methods="2" coveredmethods="2" conditionals="0" coveredconditionals="0" statements="7" coveredstatements="7" elements="9" coveredelements="9"/>
        </class>
        <line num="23" type="method" name="getSubscribedEvents" visibility="public" complexity="1" crap="1" count="1"/>
        <line num="26" type="stmt" count="1"/>
        <line num="38" type="method" name="onUserAdded" visibility="public" complexity="1" crap="1" count="1"/>
        <line num="40" type="stmt" count="1"/>
        <line num="41" type="stmt" count="1"/>
        <line num="43" type="stmt" count="1"/>
        <line num="44" type="stmt" count="1"/>
        <line num="45" type="stmt" count="1"/>
        <line num="47" type="stmt" count="1"/>
        <metrics loc="48" ncloc="34" classes="1" methods="2" coveredmethods="2" conditionals="0" coveredconditionals="0" statements="7" coveredstatements="7" elements="9" coveredelements="9"/>
      </file>
      <file name="/Applications/XAMPP/htdocs/private/symfony-skeleton/src/EventSubscriber/UserSubscriber.php">
        <class name="App\EventSubscriber\UserSubscriber" namespace="App\EventSubscriber">
          <metrics complexity="3" methods="3" coveredmethods="3" conditionals="0" coveredconditionals="0" statements="11" coveredstatements="11" elements="14" coveredelements="14"/>
        </class>
        <line num="26" type="method" name="getSubscribedEvents" visibility="public" complexity="1" crap="1" count="1"/>
        <line num="29" type="stmt" count="1"/>
        <line num="30" type="stmt" count="1"/>
        <line num="39" type="method" name="onRegistrationSuccess" visibility="public" complexity="1" crap="1" count="1"/>
        <line num="41" type="stmt" count="1"/>
        <line num="42" type="stmt" count="1"/>
        <line num="43" type="stmt" count="1"/>
        <line num="44" type="stmt" count="1"/>
        <line num="45" type="stmt" count="1"/>
        <line num="46" type="stmt" count="1"/>
        <line num="47" type="stmt" count="1"/>
        <line num="52" type="method" name="onUserEdited" visibility="public" complexity="1" crap="1" count="1"/>
        <line num="54" type="stmt" count="1"/>
        <line num="55" type="stmt" count="1"/>
        <metrics loc="56" ncloc="42" classes="1" methods="3" coveredmethods="3" conditionals="0" coveredconditionals="0" statements="11" coveredstatements="11" elements="14" coveredelements="14"/>
      </file>
    </package>
    <package name="App\Factory">
      <file name="/Applications/XAMPP/htdocs/private/symfony-skeleton/src/Factory/FunctionalityFactory.php">
        <class name="App\Factory\FunctionalityFactory" namespace="App\Factory">
          <metrics complexity="1" methods="1" coveredmethods="0" conditionals="0" coveredconditionals="0" statements="3" coveredstatements="0" elements="4" coveredelements="0"/>
        </class>
        <line num="21" type="method" name="create" visibility="public" complexity="1" crap="2.00" count="0"/>
        <line num="22" type="stmt" count="0"/>
        <line num="23" type="stmt" count="0"/>
        <line num="24" type="stmt" count="0"/>
        <metrics loc="25" ncloc="13" classes="1" methods="1" coveredmethods="0" conditionals="0" coveredconditionals="0" statements="3" coveredstatements="0" elements="4" coveredelements="0"/>
      </file>
      <file name="/Applications/XAMPP/htdocs/private/symfony-skeleton/src/Factory/SettingFactory.php">
        <class name="App\Factory\SettingFactory" namespace="App\Factory">
          <metrics complexity="1" methods="1" coveredmethods="0" conditionals="0" coveredconditionals="0" statements="3" coveredstatements="0" elements="4" coveredelements="0"/>
        </class>
        <line num="21" type="method" name="create" visibility="public" complexity="1" crap="2.00" count="0"/>
        <line num="22" type="stmt" count="0"/>
        <line num="23" type="stmt" count="0"/>
        <line num="24" type="stmt" count="0"/>
        <metrics loc="25" ncloc="13" classes="1" methods="1" coveredmethods="0" conditionals="0" coveredconditionals="0" statements="3" coveredstatements="0" elements="4" coveredelements="0"/>
      </file>
      <file name="/Applications/XAMPP/htdocs/private/symfony-skeleton/src/Factory/TestFactory.php">
        <class name="App\Factory\TestFactory" namespace="App\Factory">
          <metrics complexity="1" methods="1" coveredmethods="1" conditionals="0" coveredconditionals="0" statements="1" coveredstatements="1" elements="2" coveredelements="2"/>
        </class>
        <line num="21" type="method" name="create" visibility="public" complexity="1" crap="1" count="2"/>
        <line num="23" type="stmt" count="2"/>
        <metrics loc="25" ncloc="13" classes="1" methods="1" coveredmethods="1" conditionals="0" coveredconditionals="0" statements="1" coveredstatements="1" elements="2" coveredelements="2"/>
      </file>
      <file name="/Applications/XAMPP/htdocs/private/symfony-skeleton/src/Factory/UserFactory.php">
        <class name="App\Factory\UserFactory" namespace="App\Factory">
          <metrics complexity="2" methods="2" coveredmethods="1" conditionals="0" coveredconditionals="0" statements="9" coveredstatements="5" elements="11" coveredelements="6"/>
        </class>
        <line num="30" type="method" name="create" visibility="public" complexity="1" crap="1" count="2"/>
        <line num="32" type="stmt" count="2"/>
        <line num="33" type="stmt" count="2"/>
        <line num="34" type="stmt" count="2"/>
        <line num="35" type="stmt" count="2"/>
        <line num="37" type="stmt" count="2"/>
        <line num="49" type="method" name="createAdmin" visibility="public" complexity="1" crap="2.00" count="0"/>
        <line num="51" type="stmt" count="0"/>
        <line num="52" type="stmt" count="0"/>
        <line num="53" type="stmt" count="0"/>
        <line num="54" type="stmt" count="0"/>
        <metrics loc="55" ncloc="28" classes="1" methods="2" coveredmethods="1" conditionals="0" coveredconditionals="0" statements="9" coveredstatements="5" elements="11" coveredelements="6"/>
      </file>
    </package>
    <package name="App\Form\DataTransformer">
      <file name="/Applications/XAMPP/htdocs/private/symfony-skeleton/src/Form/DataTransformer/EntityToIdTransformer.php">
        <class name="App\Form\DataTransformer\EntityToIdTransformer" namespace="App\Form\DataTransformer">
          <metrics complexity="14" methods="3" coveredmethods="0" conditionals="0" coveredconditionals="0" statements="27" coveredstatements="0" elements="30" coveredelements="0"/>
        </class>
        <line num="27" type="method" name="__construct" visibility="public" complexity="1" crap="2.00" count="0"/>
        <line num="29" type="stmt" count="0"/>
        <line num="30" type="stmt" count="0"/>
        <line num="39" type="method" name="transform" visibility="public" complexity="6" crap="42.00" count="0"/>
        <line num="41" type="stmt" count="0"/>
        <line num="42" type="stmt" count="0"/>
        <line num="45" type="stmt" count="0"/>
        <line num="46" type="stmt" count="0"/>
        <line num="48" type="stmt" count="0"/>
        <line num="49" type="stmt" count="0"/>
        <line num="52" type="stmt" count="0"/>
        <line num="55" type="stmt" count="0"/>
        <line num="56" type="stmt" count="0"/>
        <line num="59" type="stmt" count="0"/>
        <line num="69" type="method" name="reverseTransform" visibility="public" complexity="7" crap="56.00" count="0"/>
        <line num="71" type="stmt" count="0"/>
        <line num="72" type="stmt" count="0"/>
        <line num="75" type="stmt" count="0"/>
        <line num="76" type="stmt" count="0"/>
        <line num="78" type="stmt" count="0"/>
        <line num="79" type="stmt" count="0"/>
        <line num="82" type="stmt" count="0"/>
        <line num="85" type="stmt" count="0"/>
        <line num="86" type="stmt" count="0"/>
        <line num="87" type="stmt" count="0"/>
        <line num="90" type="stmt" count="0"/>
        <line num="92" type="stmt" count="0"/>
        <line num="93" type="stmt" count="0"/>
        <line num="96" type="stmt" count="0"/>
        <line num="99" type="stmt" count="0"/>
        <metrics loc="101" ncloc="73" classes="1" methods="3" coveredmethods="0" conditionals="0" coveredconditionals="0" statements="27" coveredstatements="0" elements="30" coveredelements="0"/>
      </file>
      <file name="/Applications/XAMPP/htdocs/private/symfony-skeleton/src/Form/DataTransformer/RangeDoubleTransformer.php">
        <class name="App\Form\DataTransformer\RangeDoubleTransformer" namespace="App\Form\DataTransformer">
          <metrics complexity="8" methods="2" coveredmethods="0" conditionals="0" coveredconditionals="0" statements="8" coveredstatements="2" elements="10" coveredelements="2"/>
        </class>
        <line num="23" type="method" name="transform" visibility="public" complexity="4" crap="4.59" count="4"/>
        <line num="25" type="stmt" count="4"/>
        <line num="26" type="stmt" count="0"/>
        <line num="29" type="stmt" count="4"/>
        <line num="37" type="method" name="reverseTransform" visibility="public" complexity="4" crap="20.00" count="0"/>
        <line num="39" type="stmt" count="0"/>
        <line num="40" type="stmt" count="0"/>
        <line num="43" type="stmt" count="0"/>
        <line num="46" type="stmt" count="0"/>
        <line num="47" type="stmt" count="0"/>
        <metrics loc="49" ncloc="30" classes="1" methods="2" coveredmethods="0" conditionals="0" coveredconditionals="0" statements="8" coveredstatements="2" elements="10" coveredelements="2"/>
      </file>
      <file name="/Applications/XAMPP/htdocs/private/symfony-skeleton/src/Form/DataTransformer/RangeTransformer.php">
        <class name="App\Form\DataTransformer\RangeTransformer" namespace="App\Form\DataTransformer">
          <metrics complexity="7" methods="2" coveredmethods="0" conditionals="0" coveredconditionals="0" statements="4" coveredstatements="2" elements="6" coveredelements="2"/>
        </class>
        <line num="23" type="method" name="transform" visibility="public" complexity="3" crap="3.33" count="4"/>
        <line num="25" type="stmt" count="4"/>
        <line num="26" type="stmt" count="0"/>
        <line num="29" type="stmt" count="4"/>
        <line num="37" type="method" name="reverseTransform" visibility="public" complexity="4" crap="20.00" count="0"/>
        <line num="39" type="stmt" count="0"/>
        <metrics loc="41" ncloc="22" classes="1" methods="2" coveredmethods="0" conditionals="0" coveredconditionals="0" statements="4" coveredstatements="2" elements="6" coveredelements="2"/>
      </file>
    </package>
    <package name="App\Form\Test">
      <file name="/Applications/XAMPP/htdocs/private/symfony-skeleton/src/Form/Test/AddTestType.php">
        <class name="App\Form\Test\AddTestType" namespace="App\Form\Test">
          <metrics complexity="2" methods="2" coveredmethods="2" conditionals="0" coveredconditionals="0" statements="12" coveredstatements="12" elements="14" coveredelements="14"/>
        </class>
        <line num="17" type="method" name="buildForm" visibility="public" complexity="1" crap="1" count="4"/>
        <line num="20" type="stmt" count="4"/>
        <line num="21" type="stmt" count="4"/>
        <line num="39" type="stmt" count="4"/>
        <line num="40" type="stmt" count="4"/>
        <line num="42" type="stmt" count="4"/>
        <line num="44" type="stmt" count="4"/>
        <line num="47" type="stmt" count="4"/>
        <line num="48" type="stmt" count="4"/>
        <line num="51" type="stmt" count="4"/>
        <line num="56" type="method" name="configureOptions" visibility="public" complexity="1" crap="1" count="4"/>
        <line num="58" type="stmt" count="4"/>
        <line num="59" type="stmt" count="4"/>
        <line num="62" type="stmt" count="4"/>
        <metrics loc="63" ncloc="41" classes="1" methods="2" coveredmethods="2" conditionals="0" coveredconditionals="0" statements="12" coveredstatements="12" elements="14" coveredelements="14"/>
      </file>
      <file name="/Applications/XAMPP/htdocs/private/symfony-skeleton/src/Form/Test/EditTestType.php">
        <class name="App\Form\Test\EditTestType" namespace="App\Form\Test">
          <metrics complexity="1" methods="1" coveredmethods="1" conditionals="0" coveredconditionals="0" statements="1" coveredstatements="1" elements="2" coveredelements="2"/>
        </class>
        <line num="15" type="method" name="getParent" visibility="public" complexity="1" crap="1" count="2"/>
        <line num="17" type="stmt" count="2"/>
        <metrics loc="19" ncloc="13" classes="1" methods="1" coveredmethods="1" conditionals="0" coveredconditionals="0" statements="1" coveredstatements="1" elements="2" coveredelements="2"/>
      </file>
      <file name="/Applications/XAMPP/htdocs/private/symfony-skeleton/src/Form/Test/TestTestType.php">
        <class name="App\Form\Test\TestTestType" namespace="App\Form\Test">
          <metrics complexity="2" methods="2" coveredmethods="2" conditionals="0" coveredconditionals="0" statements="60" coveredstatements="60" elements="62" coveredelements="62"/>
        </class>
        <line num="33" type="method" name="buildForm" visibility="public" complexity="1" crap="1" count="4"/>
        <line num="36" type="stmt" count="4"/>
        <line num="37" type="stmt" count="4"/>
        <line num="43" type="stmt" count="4"/>
        <line num="44" type="stmt" count="4"/>
        <line num="50" type="stmt" count="4"/>
        <line num="51" type="stmt" count="4"/>
        <line num="57" type="stmt" count="4"/>
        <line num="58" type="stmt" count="4"/>
        <line num="64" type="stmt" count="4"/>
        <line num="65" type="stmt" count="4"/>
        <line num="72" type="stmt" count="4"/>
        <line num="73" type="stmt" count="4"/>
        <line num="84" type="stmt" count="4"/>
        <line num="85" type="stmt" count="4"/>
        <line num="98" type="stmt" count="4"/>
        <line num="99" type="stmt" count="4"/>
        <line num="105" type="stmt" count="4"/>
        <line num="106" type="stmt" count="4"/>
        <line num="113" type="stmt" count="4"/>
        <line num="114" type="stmt" count="4"/>
        <line num="120" type="stmt" count="4"/>
        <line num="121" type="stmt" count="4"/>
        <line num="130" type="stmt" count="4"/>
        <line num="131" type="stmt" count="4"/>
        <line num="142" type="stmt" count="4"/>
        <line num="145" type="stmt" count="4"/>
        <line num="146" type="stmt" count="4"/>
        <line num="162" type="stmt" count="4"/>
        <line num="165" type="stmt" count="4"/>
        <line num="166" type="stmt" count="4"/>
        <line num="177" type="stmt" count="4"/>
        <line num="180" type="stmt" count="4"/>
        <line num="181" type="stmt" count="4"/>
        <line num="198" type="stmt" count="4"/>
        <line num="201" type="stmt" count="4"/>
        <line num="202" type="stmt" count="4"/>
        <line num="205" type="stmt" count="4"/>
        <line num="206" type="stmt" count="4"/>
        <line num="207" type="stmt" count="4"/>
        <line num="208" type="stmt" count="4"/>
        <line num="210" type="stmt" count="4"/>
        <line num="212" type="stmt" count="4"/>
        <line num="213" type="stmt" count="4"/>
        <line num="221" type="stmt" count="4"/>
        <line num="222" type="stmt" count="4"/>
        <line num="225" type="stmt" count="4"/>
        <line num="226" type="stmt" count="4"/>
        <line num="227" type="stmt" count="4"/>
        <line num="228" type="stmt" count="4"/>
        <line num="230" type="stmt" count="4"/>
        <line num="232" type="stmt" count="4"/>
        <line num="233" type="stmt" count="4"/>
        <line num="239" type="stmt" count="4"/>
        <line num="240" type="stmt" count="4"/>
        <line num="248" type="stmt" count="4"/>
        <line num="249" type="stmt" count="4"/>
        <line num="260" type="stmt" count="4"/>
        <line num="265" type="method" name="configureOptions" visibility="public" complexity="1" crap="1" count="4"/>
        <line num="267" type="stmt" count="4"/>
        <line num="268" type="stmt" count="4"/>
        <line num="270" type="stmt" count="4"/>
        <metrics loc="271" ncloc="209" classes="1" methods="2" coveredmethods="2" conditionals="0" coveredconditionals="0" statements="60" coveredstatements="60" elements="62" coveredelements="62"/>
      </file>
    </package>
    <package name="App\Form\Type">
      <file name="/Applications/XAMPP/htdocs/private/symfony-skeleton/src/Form/Type/AbstractType.php">
        <class name="App\Form\Type\AbstractType" namespace="App\Form\Type">
          <metrics complexity="2" methods="2" coveredmethods="2" conditionals="0" coveredconditionals="0" statements="22" coveredstatements="22" elements="24" coveredelements="24"/>
        </class>
        <line num="20" type="method" name="buildView" visibility="public" complexity="1" crap="1" count="12"/>
        <line num="22" type="stmt" count="12"/>
        <line num="23" type="stmt" count="12"/>
        <line num="24" type="stmt" count="12"/>
        <line num="25" type="stmt" count="12"/>
        <line num="26" type="stmt" count="12"/>
        <line num="27" type="stmt" count="12"/>
        <line num="28" type="stmt" count="12"/>
        <line num="29" type="stmt" count="12"/>
        <line num="30" type="stmt" count="12"/>
        <line num="31" type="stmt" count="12"/>
        <line num="32" type="stmt" count="12"/>
        <line num="33" type="stmt" count="12"/>
        <line num="34" type="stmt" count="12"/>
        <line num="35" type="stmt" count="12"/>
        <line num="36" type="stmt" count="12"/>
        <line num="37" type="stmt" count="12"/>
        <line num="42" type="method" name="configureOptions" visibility="public" complexity="1" crap="1" count="12"/>
        <line num="44" type="stmt" count="12"/>
        <line num="46" type="stmt" count="12"/>
        <line num="47" type="stmt" count="12"/>
        <line num="64" type="stmt" count="12"/>
        <line num="65" type="stmt" count="12"/>
        <line num="81" type="stmt" count="12"/>
        <metrics loc="82" ncloc="71" classes="1" methods="2" coveredmethods="2" conditionals="0" coveredconditionals="0" statements="22" coveredstatements="22" elements="24" coveredelements="24"/>
      </file>
      <file name="/Applications/XAMPP/htdocs/private/symfony-skeleton/src/Form/Type/BooleanType.php">
        <class name="App\Form\Type\BooleanType" namespace="App\Form\Type">
          <metrics complexity="2" methods="2" coveredmethods="2" conditionals="0" coveredconditionals="0" statements="7" coveredstatements="7" elements="9" coveredelements="9"/>
        </class>
        <line num="17" type="method" name="configureOptions" visibility="public" complexity="1" crap="1" count="4"/>
        <line num="19" type="stmt" count="4"/>
        <line num="21" type="stmt" count="4"/>
        <line num="22" type="stmt" count="4"/>
        <line num="28" type="stmt" count="4"/>
        <line num="30" type="stmt" count="4"/>
        <line num="33" type="stmt" count="4"/>
        <line num="38" type="method" name="getParent" visibility="public" complexity="1" crap="1" count="4"/>
        <line num="40" type="stmt" count="4"/>
        <metrics loc="42" ncloc="33" classes="1" methods="2" coveredmethods="2" conditionals="0" coveredconditionals="0" statements="7" coveredstatements="7" elements="9" coveredelements="9"/>
      </file>
      <file name="/Applications/XAMPP/htdocs/private/symfony-skeleton/src/Form/Type/CheckboxType.php">
        <class name="App\Form\Type\CheckboxType" namespace="App\Form\Type">
          <metrics complexity="3" methods="3" coveredmethods="3" conditionals="0" coveredconditionals="0" statements="6" coveredstatements="6" elements="9" coveredelements="9"/>
        </class>
        <line num="16" type="method" name="configureOptions" visibility="public" complexity="1" crap="1" count="4"/>
        <line num="18" type="stmt" count="4"/>
        <line num="20" type="stmt" count="4"/>
        <line num="21" type="stmt" count="4"/>
        <line num="23" type="stmt" count="4"/>
        <line num="28" type="method" name="getParent" visibility="public" complexity="1" crap="1" count="4"/>
        <line num="30" type="stmt" count="4"/>
        <line num="36" type="method" name="getBlockPrefix" visibility="public" complexity="1" crap="1" count="4"/>
        <line num="38" type="stmt" count="4"/>
        <metrics loc="40" ncloc="28" classes="1" methods="3" coveredmethods="3" conditionals="0" coveredconditionals="0" statements="6" coveredstatements="6" elements="9" coveredelements="9"/>
      </file>
      <file name="/Applications/XAMPP/htdocs/private/symfony-skeleton/src/Form/Type/ChoiceType.php">
        <class name="App\Form\Type\ChoiceType" namespace="App\Form\Type">
          <metrics complexity="3" methods="3" coveredmethods="3" conditionals="0" coveredconditionals="0" statements="6" coveredstatements="6" elements="9" coveredelements="9"/>
        </class>
        <line num="16" type="method" name="configureOptions" visibility="public" complexity="1" crap="1" count="4"/>
        <line num="18" type="stmt" count="4"/>
        <line num="20" type="stmt" count="4"/>
        <line num="21" type="stmt" count="4"/>
        <line num="23" type="stmt" count="4"/>
        <line num="28" type="method" name="getParent" visibility="public" complexity="1" crap="1" count="4"/>
        <line num="30" type="stmt" count="4"/>
        <line num="36" type="method" name="getBlockPrefix" visibility="public" complexity="1" crap="1" count="4"/>
        <line num="38" type="stmt" count="4"/>
        <metrics loc="40" ncloc="28" classes="1" methods="3" coveredmethods="3" conditionals="0" coveredconditionals="0" statements="6" coveredstatements="6" elements="9" coveredelements="9"/>
      </file>
      <file name="/Applications/XAMPP/htdocs/private/symfony-skeleton/src/Form/Type/DatePickerType.php">
        <class name="App\Form\Type\DatePickerType" namespace="App\Form\Type">
          <metrics complexity="4" methods="4" coveredmethods="4" conditionals="0" coveredconditionals="0" statements="15" coveredstatements="15" elements="19" coveredelements="19"/>
        </class>
        <line num="21" type="method" name="buildView" visibility="public" complexity="1" crap="1" count="4"/>
        <line num="23" type="stmt" count="4"/>
        <line num="25" type="stmt" count="4"/>
        <line num="26" type="stmt" count="4"/>
        <line num="27" type="stmt" count="4"/>
        <line num="28" type="stmt" count="4"/>
        <line num="33" type="method" name="configureOptions" visibility="public" complexity="1" crap="1" count="4"/>
        <line num="35" type="stmt" count="4"/>
        <line num="37" type="stmt" count="4"/>
        <line num="38" type="stmt" count="4"/>
        <line num="43" type="stmt" count="4"/>
        <line num="44" type="stmt" count="4"/>
        <line num="45" type="stmt" count="4"/>
        <line num="50" type="stmt" count="4"/>
        <line num="53" type="stmt" count="4"/>
        <line num="58" type="method" name="getParent" visibility="public" complexity="1" crap="1" count="4"/>
        <line num="60" type="stmt" count="4"/>
        <line num="66" type="method" name="getBlockPrefix" visibility="public" complexity="1" crap="1" count="4"/>
        <line num="68" type="stmt" count="4"/>
        <metrics loc="70" ncloc="53" classes="1" methods="4" coveredmethods="4" conditionals="0" coveredconditionals="0" statements="15" coveredstatements="15" elements="19" coveredelements="19"/>
      </file>
      <file name="/Applications/XAMPP/htdocs/private/symfony-skeleton/src/Form/Type/DatetimePickerType.php">
        <class name="App\Form\Type\DatetimePickerType" namespace="App\Form\Type">
          <metrics complexity="4" methods="4" coveredmethods="4" conditionals="0" coveredconditionals="0" statements="15" coveredstatements="15" elements="19" coveredelements="19"/>
        </class>
        <line num="21" type="method" name="buildView" visibility="public" complexity="1" crap="1" count="4"/>
        <line num="23" type="stmt" count="4"/>
        <line num="25" type="stmt" count="4"/>
        <line num="26" type="stmt" count="4"/>
        <line num="27" type="stmt" count="4"/>
        <line num="28" type="stmt" count="4"/>
        <line num="33" type="method" name="configureOptions" visibility="public" complexity="1" crap="1" count="4"/>
        <line num="35" type="stmt" count="4"/>
        <line num="37" type="stmt" count="4"/>
        <line num="38" type="stmt" count="4"/>
        <line num="43" type="stmt" count="4"/>
        <line num="44" type="stmt" count="4"/>
        <line num="45" type="stmt" count="4"/>
        <line num="50" type="stmt" count="4"/>
        <line num="53" type="stmt" count="4"/>
        <line num="58" type="method" name="getParent" visibility="public" complexity="1" crap="1" count="4"/>
        <line num="60" type="stmt" count="4"/>
        <line num="66" type="method" name="getBlockPrefix" visibility="public" complexity="1" crap="1" count="4"/>
        <line num="68" type="stmt" count="4"/>
        <metrics loc="70" ncloc="53" classes="1" methods="4" coveredmethods="4" conditionals="0" coveredconditionals="0" statements="15" coveredstatements="15" elements="19" coveredelements="19"/>
      </file>
      <file name="/Applications/XAMPP/htdocs/private/symfony-skeleton/src/Form/Type/EmailType.php">
        <class name="App\Form\Type\EmailType" namespace="App\Form\Type">
          <metrics complexity="3" methods="3" coveredmethods="3" conditionals="0" coveredconditionals="0" statements="4" coveredstatements="4" elements="7" coveredelements="7"/>
        </class>
        <line num="16" type="method" name="configureOptions" visibility="public" complexity="1" crap="1" count="6"/>
        <line num="18" type="stmt" count="6"/>
        <line num="19" type="stmt" count="6"/>
        <line num="24" type="method" name="getParent" visibility="public" complexity="1" crap="1" count="6"/>
        <line num="26" type="stmt" count="6"/>
        <line num="32" type="method" name="getBlockPrefix" visibility="public" complexity="1" crap="1" count="6"/>
        <line num="34" type="stmt" count="6"/>
        <metrics loc="36" ncloc="24" classes="1" methods="3" coveredmethods="3" conditionals="0" coveredconditionals="0" statements="4" coveredstatements="4" elements="7" coveredelements="7"/>
      </file>
      <file name="/Applications/XAMPP/htdocs/private/symfony-skeleton/src/Form/Type/EntityChoiceSimpleType.php">
        <class name="App\Form\Type\EntityChoiceSimpleType" namespace="App\Form\Type">
          <metrics complexity="10" methods="4" coveredmethods="0" conditionals="0" coveredconditionals="0" statements="50" coveredstatements="0" elements="54" coveredelements="0"/>
        </class>
        <line num="36" type="method" name="__construct" visibility="public" complexity="1" crap="2.00" count="0"/>
        <line num="38" type="stmt" count="0"/>
        <line num="39" type="stmt" count="0"/>
        <line num="45" type="method" name="buildForm" visibility="public" complexity="1" crap="2.00" count="0"/>
        <line num="47" type="stmt" count="0"/>
        <line num="48" type="stmt" count="0"/>
        <line num="50" type="stmt" count="0"/>
        <line num="55" type="method" name="configureOptions" visibility="public" complexity="7" crap="56.00" count="0"/>
        <line num="57" type="stmt" count="0"/>
        <line num="59" type="stmt" count="0"/>
        <line num="60" type="stmt" count="0"/>
        <line num="61" type="stmt" count="0"/>
        <line num="68" type="stmt" count="0"/>
        <line num="69" type="stmt" count="0"/>
        <line num="73" type="stmt" count="0"/>
        <line num="76" type="stmt" count="0"/>
        <line num="77" type="stmt" count="0"/>
        <line num="78" type="stmt" count="0"/>
        <line num="79" type="stmt" count="0"/>
        <line num="80" type="stmt" count="0"/>
        <line num="81" type="stmt" count="0"/>
        <line num="82" type="stmt" count="0"/>
        <line num="83" type="stmt" count="0"/>
        <line num="86" type="stmt" count="0"/>
        <line num="87" type="stmt" count="0"/>
        <line num="88" type="stmt" count="0"/>
        <line num="92" type="stmt" count="0"/>
        <line num="94" type="stmt" count="0"/>
        <line num="96" type="stmt" count="0"/>
        <line num="97" type="stmt" count="0"/>
        <line num="101" type="stmt" count="0"/>
        <line num="102" type="stmt" count="0"/>
        <line num="106" type="stmt" count="0"/>
        <line num="107" type="stmt" count="0"/>
        <line num="110" type="stmt" count="0"/>
        <line num="111" type="stmt" count="0"/>
        <line num="114" type="stmt" count="0"/>
        <line num="115" type="stmt" count="0"/>
        <line num="119" type="stmt" count="0"/>
        <line num="120" type="stmt" count="0"/>
        <line num="121" type="stmt" count="0"/>
        <line num="124" type="stmt" count="0"/>
        <line num="126" type="stmt" count="0"/>
        <line num="127" type="stmt" count="0"/>
        <line num="128" type="stmt" count="0"/>
        <line num="130" type="stmt" count="0"/>
        <line num="131" type="stmt" count="0"/>
        <line num="135" type="stmt" count="0"/>
        <line num="136" type="stmt" count="0"/>
        <line num="138" type="stmt" count="0"/>
        <line num="139" type="stmt" count="0"/>
        <line num="140" type="stmt" count="0"/>
        <line num="145" type="method" name="getParent" visibility="public" complexity="1" crap="2.00" count="0"/>
        <line num="147" type="stmt" count="0"/>
        <metrics loc="149" ncloc="121" classes="1" methods="4" coveredmethods="0" conditionals="0" coveredconditionals="0" statements="50" coveredstatements="0" elements="54" coveredelements="0"/>
      </file>
      <file name="/Applications/XAMPP/htdocs/private/symfony-skeleton/src/Form/Type/GenderType.php">
        <class name="App\Form\Type\GenderType" namespace="App\Form\Type">
          <metrics complexity="2" methods="2" coveredmethods="2" conditionals="0" coveredconditionals="0" statements="9" coveredstatements="9" elements="11" coveredelements="11"/>
        </class>
        <line num="18" type="method" name="configureOptions" visibility="public" complexity="1" crap="1" count="10"/>
        <line num="20" type="stmt" count="10"/>
        <line num="22" type="stmt" count="10"/>
        <line num="23" type="stmt" count="10"/>
        <line num="26" type="stmt" count="10"/>
        <line num="27" type="stmt" count="10"/>
        <line num="29" type="stmt" count="10"/>
        <line num="31" type="stmt" count="10"/>
        <line num="34" type="stmt" count="10"/>
        <line num="39" type="method" name="getParent" visibility="public" complexity="1" crap="1" count="10"/>
        <line num="41" type="stmt" count="10"/>
        <metrics loc="43" ncloc="34" classes="1" methods="2" coveredmethods="2" conditionals="0" coveredconditionals="0" statements="9" coveredstatements="9" elements="11" coveredelements="11"/>
      </file>
      <file name="/Applications/XAMPP/htdocs/private/symfony-skeleton/src/Form/Type/PasswordType.php">
        <class name="App\Form\Type\PasswordType" namespace="App\Form\Type">
          <metrics complexity="3" methods="3" coveredmethods="3" conditionals="0" coveredconditionals="0" statements="4" coveredstatements="4" elements="7" coveredelements="7"/>
        </class>
        <line num="16" type="method" name="configureOptions" visibility="public" complexity="1" crap="1" count="4"/>
        <line num="18" type="stmt" count="4"/>
        <line num="19" type="stmt" count="4"/>
        <line num="24" type="method" name="getParent" visibility="public" complexity="1" crap="1" count="4"/>
        <line num="26" type="stmt" count="4"/>
        <line num="32" type="method" name="getBlockPrefix" visibility="public" complexity="1" crap="1" count="4"/>
        <line num="34" type="stmt" count="4"/>
        <metrics loc="36" ncloc="24" classes="1" methods="3" coveredmethods="3" conditionals="0" coveredconditionals="0" statements="4" coveredstatements="4" elements="7" coveredelements="7"/>
      </file>
      <file name="/Applications/XAMPP/htdocs/private/symfony-skeleton/src/Form/Type/PhoneType.php">
        <class name="App\Form\Type\PhoneType" namespace="App\Form\Type">
          <metrics complexity="3" methods="3" coveredmethods="3" conditionals="0" coveredconditionals="0" statements="11" coveredstatements="11" elements="14" coveredelements="14"/>
        </class>
        <line num="21" type="method" name="buildView" visibility="public" complexity="1" crap="1" count="4"/>
        <line num="23" type="stmt" count="4"/>
        <line num="25" type="stmt" count="4"/>
        <line num="26" type="stmt" count="4"/>
        <line num="31" type="method" name="configureOptions" visibility="public" complexity="1" crap="1" count="4"/>
        <line num="33" type="stmt" count="4"/>
        <line num="35" type="stmt" count="4"/>
        <line num="36" type="stmt" count="4"/>
        <line num="39" type="stmt" count="4"/>
        <line num="40" type="stmt" count="4"/>
        <line num="46" type="stmt" count="4"/>
        <line num="49" type="stmt" count="4"/>
        <line num="54" type="method" name="getParent" visibility="public" complexity="1" crap="1" count="4"/>
        <line num="56" type="stmt" count="4"/>
        <metrics loc="58" ncloc="44" classes="1" methods="3" coveredmethods="3" conditionals="0" coveredconditionals="0" statements="11" coveredstatements="11" elements="14" coveredelements="14"/>
      </file>
      <file name="/Applications/XAMPP/htdocs/private/symfony-skeleton/src/Form/Type/RangeType.php">
        <class name="App\Form\Type\RangeType" namespace="App\Form\Type">
          <metrics complexity="4" methods="4" coveredmethods="4" conditionals="0" coveredconditionals="0" statements="18" coveredstatements="18" elements="22" coveredelements="22"/>
        </class>
        <line num="21" type="method" name="buildView" visibility="public" complexity="1" crap="1" count="4"/>
        <line num="23" type="stmt" count="4"/>
        <line num="25" type="stmt" count="4"/>
        <line num="26" type="stmt" count="4"/>
        <line num="27" type="stmt" count="4"/>
        <line num="28" type="stmt" count="4"/>
        <line num="29" type="stmt" count="4"/>
        <line num="30" type="stmt" count="4"/>
        <line num="31" type="stmt" count="4"/>
        <line num="32" type="stmt" count="4"/>
        <line num="37" type="method" name="configureOptions" visibility="public" complexity="1" crap="1" count="4"/>
        <line num="39" type="stmt" count="4"/>
        <line num="41" type="stmt" count="4"/>
        <line num="42" type="stmt" count="4"/>
        <line num="51" type="stmt" count="4"/>
        <line num="52" type="stmt" count="4"/>
        <line num="59" type="stmt" count="4"/>
        <line num="62" type="stmt" count="4"/>
        <line num="67" type="method" name="getParent" visibility="public" complexity="1" crap="1" count="4"/>
        <line num="69" type="stmt" count="4"/>
        <line num="75" type="method" name="getBlockPrefix" visibility="public" complexity="1" crap="1" count="4"/>
        <line num="77" type="stmt" count="4"/>
        <metrics loc="79" ncloc="62" classes="1" methods="4" coveredmethods="4" conditionals="0" coveredconditionals="0" statements="18" coveredstatements="18" elements="22" coveredelements="22"/>
      </file>
[...]
      </file>
      <file name="/Applications/XAMPP/htdocs/private/symfony-skeleton/src/Twig/JsonEncodeWithQuotesExtension.php">
        <class name="App\Twig\JsonEncodeWithQuotesExtension" namespace="App\Twig">
          <metrics complexity="2" methods="2" coveredmethods="1" conditionals="0" coveredconditionals="0" statements="2" coveredstatements="1" elements="4" coveredelements="2"/>
        </class>
        <line num="16" type="method" name="getFilters" visibility="public" complexity="1" crap="2.00" count="0"/>
        <line num="19" type="stmt" count="0"/>
        <line num="28" type="method" name="jsonEncodeWithQuotes" visibility="public" complexity="1" crap="1" count="37"/>
        <line num="30" type="stmt" count="37"/>
        <metrics loc="32" ncloc="21" classes="1" methods="2" coveredmethods="1" conditionals="0" coveredconditionals="0" statements="2" coveredstatements="1" elements="4" coveredelements="2"/>
      </file>
      <file name="/Applications/XAMPP/htdocs/private/symfony-skeleton/src/Twig/LocaleExtension.php">
        <class name="App\Twig\LocaleExtension" namespace="App\Twig">
          <metrics complexity="16" methods="6" coveredmethods="3" conditionals="0" coveredconditionals="0" statements="33" coveredstatements="26" elements="39" coveredelements="29"/>
        </class>
        <line num="55" type="method" name="__construct" visibility="public" complexity="1" crap="1" count="78"/>
        <line num="57" type="stmt" count="78"/>
        <line num="58" type="stmt" count="78"/>
        <line num="59" type="stmt" count="78"/>
        <line num="60" type="stmt" count="78"/>
        <line num="61" type="stmt" count="78"/>
        <line num="62" type="stmt" count="78"/>
        <line num="67" type="method" name="getFunctions" visibility="public" complexity="1" crap="2.00" count="0"/>
        <line num="70" type="stmt" count="0"/>
        <line num="71" type="stmt" count="0"/>
        <line num="72" type="stmt" count="0"/>
        <line num="73" type="stmt" count="0"/>
        <line num="82" type="method" name="getLocale" visibility="public" complexity="1" crap="1" count="33"/>
        <line num="84" type="stmt" count="33"/>
        <line num="92" type="method" name="getValidateLocale" visibility="public" complexity="2" crap="2.06" count="37"/>
        <line num="94" type="stmt" count="37"/>
        <line num="96" type="stmt" count="37"/>
        <line num="97" type="stmt" count="0"/>
        <line num="100" type="stmt" count="37"/>
        <line num="108" type="method" name="getWysiwygLocale" visibility="public" complexity="4" crap="4.25" count="37"/>
        <line num="110" type="stmt" count="37"/>
        <line num="112" type="stmt" count="37"/>
        <line num="113" type="stmt" count="7"/>
        <line num="114" type="stmt" count="30"/>
        <line num="115" type="stmt" count="0"/>
        <line num="116" type="stmt" count="30"/>
        <line num="117" type="stmt" count="0"/>
        <line num="120" type="stmt" count="30"/>
        <line num="128" type="method" name="getUserLocale" visibility="public" complexity="7" crap="7" count="37"/>
        <line num="130" type="stmt" count="37"/>
        <line num="132" type="stmt" count="37"/>
        <line num="133" type="stmt" count="37"/>
        <line num="134" type="stmt" count="37"/>
        <line num="136" type="stmt" count="37"/>
        <line num="137" type="stmt" count="37"/>
        <line num="138" type="stmt" count="33"/>
        <line num="142" type="stmt" count="37"/>
        <line num="144" type="stmt" count="37"/>
        <line num="146" type="stmt" count="37"/>
        <metrics loc="149" ncloc="99" classes="1" methods="6" coveredmethods="3" conditionals="0" coveredconditionals="0" statements="33" coveredstatements="26" elements="39" coveredelements="29"/>
      </file>
      <file name="/Applications/XAMPP/htdocs/private/symfony-skeleton/src/Twig/SettingExtension.php">
        <class name="App\Twig\SettingExtension" namespace="App\Twig">
          <metrics complexity="8" methods="5" coveredmethods="2" conditionals="0" coveredconditionals="0" statements="16" coveredstatements="10" elements="21" coveredelements="12"/>
        </class>
        <line num="29" type="method" name="__construct" visibility="public" complexity="1" crap="1" count="78"/>
        <line num="31" type="stmt" count="78"/>
        <line num="32" type="stmt" count="78"/>
        <line num="37" type="method" name="getFunctions" visibility="public" complexity="1" crap="2.00" count="0"/>
        <line num="40" type="stmt" count="0"/>
        <line num="41" type="stmt" count="0"/>
        <line num="42" type="stmt" count="0"/>
        <line num="53" type="method" name="getSetting" visibility="public" complexity="2" crap="6.00" count="0"/>
        <line num="55" type="stmt" count="0"/>
        <line num="66" type="method" name="getSettingValue" visibility="public" complexity="3" crap="3.10" count="37"/>
        <line num="68" type="stmt" count="37"/>
        <line num="70" type="stmt" count="37"/>
        <line num="71" type="stmt" count="37"/>
        <line num="73" type="stmt" count="37"/>
        <line num="74" type="stmt" count="37"/>
        <line num="76" type="stmt" count="37"/>
        <line num="79" type="stmt" count="0"/>
        <line num="81" type="stmt" count="0"/>
        <line num="83" type="stmt" count="37"/>
        <line num="90" type="method" name="getSettings" visibility="public" complexity="1" crap="1" count="31"/>
        <line num="92" type="stmt" count="31"/>
        <metrics loc="94" ncloc="62" classes="1" methods="5" coveredmethods="2" conditionals="0" coveredconditionals="0" statements="16" coveredstatements="10" elements="21" coveredelements="12"/>
      </file>
      <file name="/Applications/XAMPP/htdocs/private/symfony-skeleton/src/Twig/ThemeExtension.php">
        <class name="App\Twig\ThemeExtension" namespace="App\Twig">
          <metrics complexity="9" methods="3" coveredmethods="2" conditionals="0" coveredconditionals="0" statements="16" coveredstatements="15" elements="19" coveredelements="17"/>
        </class>
        <line num="53" type="method" name="__construct" visibility="public" complexity="1" crap="1" count="78"/>
        <line num="55" type="stmt" count="78"/>
        <line num="56" type="stmt" count="78"/>
        <line num="57" type="stmt" count="78"/>
        <line num="58" type="stmt" count="78"/>
        <line num="59" type="stmt" count="78"/>
        <line num="64" type="method" name="getFunctions" visibility="public" complexity="1" crap="2.00" count="0"/>
        <line num="67" type="stmt" count="0"/>
        <line num="76" type="method" name="getThemeName" visibility="public" complexity="7" crap="7" count="37"/>
        <line num="78" type="stmt" count="37"/>
        <line num="80" type="stmt" count="37"/>
        <line num="81" type="stmt" count="37"/>
        <line num="82" type="stmt" count="37"/>
        <line num="84" type="stmt" count="37"/>
        <line num="85" type="stmt" count="33"/>
        <line num="86" type="stmt" count="33"/>
        <line num="90" type="stmt" count="37"/>
        <line num="92" type="stmt" count="37"/>
        <line num="94" type="stmt" count="37"/>
        <metrics loc="97" ncloc="66" classes="1" methods="3" coveredmethods="2" conditionals="0" coveredconditionals="0" statements="16" coveredstatements="15" elements="19" coveredelements="17"/>
      </file>
    </package>
    <package name="App\Validator\Constraints">
      <file name="/Applications/XAMPP/htdocs/private/symfony-skeleton/src/Validator/Constraints/Boolean.php">
        <class name="App\Validator\Constraints\Boolean" namespace="App\Validator\Constraints">
          <metrics complexity="0" methods="0" coveredmethods="0" conditionals="0" coveredconditionals="0" statements="0" coveredstatements="0" elements="0" coveredelements="0"/>
        </class>
        <metrics loc="22" ncloc="10" classes="0" methods="0" coveredmethods="0" conditionals="0" coveredconditionals="0" statements="0" coveredstatements="0" elements="0" coveredelements="0"/>
      </file>
      <file name="/Applications/XAMPP/htdocs/private/symfony-skeleton/src/Validator/Constraints/BooleanValidator.php">
        <class name="App\Validator\Constraints\BooleanValidator" namespace="App\Validator\Constraints">
          <metrics complexity="6" methods="1" coveredmethods="0" conditionals="0" coveredconditionals="0" statements="10" coveredstatements="0" elements="11" coveredelements="0"/>
        </class>
        <line num="24" type="method" name="validate" visibility="public" complexity="6" crap="42.00" count="0"/>
        <line num="26" type="stmt" count="0"/>
        <line num="27" type="stmt" count="0"/>
        <line num="32" type="stmt" count="0"/>
        <line num="33" type="stmt" count="0"/>
        <line num="36" type="stmt" count="0"/>
        <line num="37" type="stmt" count="0"/>
        <line num="40" type="stmt" count="0"/>
        <line num="41" type="stmt" count="0"/>
        <line num="42" type="stmt" count="0"/>
        <line num="44" type="stmt" count="0"/>
        <metrics loc="45" ncloc="28" classes="1" methods="1" coveredmethods="0" conditionals="0" coveredconditionals="0" statements="10" coveredstatements="0" elements="11" coveredelements="0"/>
      </file>
      <file name="/Applications/XAMPP/htdocs/private/symfony-skeleton/src/Validator/Constraints/Datetime.php">
        <class name="App\Validator\Constraints\Datetime" namespace="App\Validator\Constraints">
          <metrics complexity="0" methods="0" coveredmethods="0" conditionals="0" coveredconditionals="0" statements="0" coveredstatements="0" elements="0" coveredelements="0"/>
        </class>
        <metrics loc="25" ncloc="13" classes="0" methods="0" coveredmethods="0" conditionals="0" coveredconditionals="0" statements="0" coveredstatements="0" elements="0" coveredelements="0"/>
      </file>
      <file name="/Applications/XAMPP/htdocs/private/symfony-skeleton/src/Validator/Constraints/DatetimeValidator.php">
        <class name="App\Validator\Constraints\DatetimeValidator" namespace="App\Validator\Constraints">
          <metrics complexity="11" methods="1" coveredmethods="0" conditionals="0" coveredconditionals="0" statements="20" coveredstatements="0" elements="21" coveredelements="0"/>
        </class>
        <line num="25" type="method" name="validate" visibility="public" complexity="11" crap="132.00" count="0"/>
        <line num="27" type="stmt" count="0"/>
        <line num="28" type="stmt" count="0"/>
        <line num="33" type="stmt" count="0"/>
        <line num="34" type="stmt" count="0"/>
        <line num="37" type="stmt" count="0"/>
        <line num="38" type="stmt" count="0"/>
        <line num="39" type="stmt" count="0"/>
        <line num="41" type="stmt" count="0"/>
        <line num="43" type="stmt" count="0"/>
        <line num="44" type="stmt" count="0"/>
        <line num="45" type="stmt" count="0"/>
        <line num="46" type="stmt" count="0"/>
        <line num="47" type="stmt" count="0"/>
        <line num="48" type="stmt" count="0"/>
        <line num="49" type="stmt" count="0"/>
        <line num="50" type="stmt" count="0"/>
        <line num="51" type="stmt" count="0"/>
        <line num="52" type="stmt" count="0"/>
        <line num="53" type="stmt" count="0"/>
        <line num="56" type="stmt" count="0"/>
        <metrics loc="57" ncloc="40" classes="1" methods="1" coveredmethods="0" conditionals="0" coveredconditionals="0" statements="20" coveredstatements="0" elements="21" coveredelements="0"/>
      </file>
      <file name="/Applications/XAMPP/htdocs/private/symfony-skeleton/src/Validator/Constraints/Gender.php">
        <class name="App\Validator\Constraints\Gender" namespace="App\Validator\Constraints">
          <metrics complexity="0" methods="0" coveredmethods="0" conditionals="0" coveredconditionals="0" statements="0" coveredstatements="0" elements="0" coveredelements="0"/>
        </class>
        <metrics loc="22" ncloc="10" classes="0" methods="0" coveredmethods="0" conditionals="0" coveredconditionals="0" statements="0" coveredstatements="0" elements="0" coveredelements="0"/>
      </file>
      <file name="/Applications/XAMPP/htdocs/private/symfony-skeleton/src/Validator/Constraints/GenderValidator.php">
        <class name="App\Validator\Constraints\GenderValidator" namespace="App\Validator\Constraints">
          <metrics complexity="5" methods="1" coveredmethods="0" conditionals="0" coveredconditionals="0" statements="8" coveredstatements="5" elements="9" coveredelements="5"/>
        </class>
        <line num="25" type="method" name="validate" visibility="public" complexity="5" crap="6.32" count="6"/>
        <line num="27" type="stmt" count="6"/>
        <line num="28" type="stmt" count="0"/>
        <line num="33" type="stmt" count="6"/>
        <line num="34" type="stmt" count="2"/>
        <line num="37" type="stmt" count="4"/>
        <line num="38" type="stmt" count="0"/>
        <line num="39" type="stmt" count="0"/>
        <line num="41" type="stmt" count="4"/>
        <metrics loc="42" ncloc="25" classes="1" methods="1" coveredmethods="0" conditionals="0" coveredconditionals="0" statements="8" coveredstatements="5" elements="9" coveredelements="5"/>
      </file>
      <file name="/Applications/XAMPP/htdocs/private/symfony-skeleton/src/Validator/Constraints/Phone.php">
        <class name="App\Validator\Constraints\Phone" namespace="App\Validator\Constraints">
          <metrics complexity="0" methods="0" coveredmethods="0" conditionals="0" coveredconditionals="0" statements="0" coveredstatements="0" elements="0" coveredelements="0"/>
        </class>
        <metrics loc="22" ncloc="10" classes="0" methods="0" coveredmethods="0" conditionals="0" coveredconditionals="0" statements="0" coveredstatements="0" elements="0" coveredelements="0"/>
      </file>
      <file name="/Applications/XAMPP/htdocs/private/symfony-skeleton/src/Validator/Constraints/PhoneValidator.php">
        <class name="App\Validator\Constraints\PhoneValidator" namespace="App\Validator\Constraints">
          <metrics complexity="5" methods="1" coveredmethods="0" conditionals="0" coveredconditionals="0" statements="8" coveredstatements="0" elements="9" coveredelements="0"/>
        </class>
        <line num="24" type="method" name="validate" visibility="public" complexity="5" crap="30.00" count="0"/>
        <line num="26" type="stmt" count="0"/>
        <line num="27" type="stmt" count="0"/>
        <line num="32" type="stmt" count="0"/>
        <line num="33" type="stmt" count="0"/>
        <line num="36" type="stmt" count="0"/>
        <line num="37" type="stmt" count="0"/>
        <line num="38" type="stmt" count="0"/>
        <line num="40" type="stmt" count="0"/>
        <metrics loc="41" ncloc="24" classes="1" methods="1" coveredmethods="0" conditionals="0" coveredconditionals="0" statements="8" coveredstatements="0" elements="9" coveredelements="0"/>
      </file>
      <file name="/Applications/XAMPP/htdocs/private/symfony-skeleton/src/Validator/Constraints/Range.php">
        <class name="App\Validator\Constraints\Range" namespace="App\Validator\Constraints">
          <metrics complexity="0" methods="0" coveredmethods="0" conditionals="0" coveredconditionals="0" statements="0" coveredstatements="0" elements="0" coveredelements="0"/>
        </class>
        <metrics loc="22" ncloc="10" classes="0" methods="0" coveredmethods="0" conditionals="0" coveredconditionals="0" statements="0" coveredstatements="0" elements="0" coveredelements="0"/>
      </file>
      <file name="/Applications/XAMPP/htdocs/private/symfony-skeleton/src/Validator/Constraints/RangeValidator.php">
        <class name="App\Validator\Constraints\RangeValidator" namespace="App\Validator\Constraints">
          <metrics complexity="17" methods="1" coveredmethods="0" conditionals="0" coveredconditionals="0" statements="23" coveredstatements="0" elements="24" coveredelements="0"/>
        </class>
        <line num="24" type="method" name="validate" visibility="public" complexity="17" crap="306.00" count="0"/>
        <line num="26" type="stmt" count="0"/>
        <line num="27" type="stmt" count="0"/>
        <line num="32" type="stmt" count="0"/>
        <line num="33" type="stmt" count="0"/>
        <line num="36" type="stmt" count="0"/>
        <line num="38" type="stmt" count="0"/>
        <line num="39" type="stmt" count="0"/>
        <line num="40" type="stmt" count="0"/>
        <line num="41" type="stmt" count="0"/>
        <line num="42" type="stmt" count="0"/>
        <line num="43" type="stmt" count="0"/>
        <line num="46" type="stmt" count="0"/>
        <line num="47" type="stmt" count="0"/>
        <line num="48" type="stmt" count="0"/>
        <line num="50" type="stmt" count="0"/>
        <line num="51" type="stmt" count="0"/>
        <line num="52" type="stmt" count="0"/>
        <line num="53" type="stmt" count="0"/>
        <line num="54" type="stmt" count="0"/>
        <line num="55" type="stmt" count="0"/>
        <line num="56" type="stmt" count="0"/>
        <line num="57" type="stmt" count="0"/>
        <line num="61" type="stmt" count="0"/>
        <metrics loc="62" ncloc="45" classes="1" methods="1" coveredmethods="0" conditionals="0" coveredconditionals="0" statements="23" coveredstatements="0" elements="24" coveredelements="0"/>
      </file>
      <file name="/Applications/XAMPP/htdocs/private/symfony-skeleton/src/Validator/Constraints/Recaptcha.php">
        <class name="App\Validator\Constraints\Recaptcha" namespace="App\Validator\Constraints">
          <metrics complexity="0" methods="0" coveredmethods="0" conditionals="0" coveredconditionals="0" statements="0" coveredstatements="0" elements="0" coveredelements="0"/>
        </class>
        <metrics loc="22" ncloc="10" classes="0" methods="0" coveredmethods="0" conditionals="0" coveredconditionals="0" statements="0" coveredstatements="0" elements="0" coveredelements="0"/>
      </file>
      <file name="/Applications/XAMPP/htdocs/private/symfony-skeleton/src/Validator/Constraints/RecaptchaValidator.php">
        <class name="App\Validator\Constraints\RecaptchaValidator" namespace="App\Validator\Constraints">
          <metrics complexity="6" methods="2" coveredmethods="0" conditionals="0" coveredconditionals="0" statements="14" coveredstatements="0" elements="16" coveredelements="0"/>
        </class>
        <line num="38" type="method" name="__construct" visibility="public" complexity="1" crap="2.00" count="0"/>
        <line num="40" type="stmt" count="0"/>
        <line num="41" type="stmt" count="0"/>
        <line num="42" type="stmt" count="0"/>
        <line num="48" type="method" name="validate" visibility="public" complexity="5" crap="30.00" count="0"/>
        <line num="50" type="stmt" count="0"/>
        <line num="51" type="stmt" count="0"/>
        <line num="56" type="stmt" count="0"/>
        <line num="57" type="stmt" count="0"/>
        <line num="60" type="stmt" count="0"/>
        <line num="61" type="stmt" count="0"/>
        <line num="63" type="stmt" count="0"/>
        <line num="65" type="stmt" count="0"/>
        <line num="66" type="stmt" count="0"/>
        <line num="67" type="stmt" count="0"/>
        <line num="69" type="stmt" count="0"/>
        <metrics loc="70" ncloc="41" classes="1" methods="2" coveredmethods="0" conditionals="0" coveredconditionals="0" statements="14" coveredstatements="0" elements="16" coveredelements="0"/>
      </file>
    </package>
    <metrics files="125" loc="9646" ncloc="6432" classes="117" methods="414" coveredmethods="249" conditionals="0" coveredconditionals="0" statements="2018" coveredstatements="1292" elements="2432" coveredelements="1541"/>
  </project>
</coverage>
